2024-05-31 10:57:39,281 [INFO] _dock_widget.py:__init__:172 - Main napari Glados-pycromanager plugin started
2024-05-31 10:57:39,284 [INFO] _dock_widget.py:__init__:77 - Default focus device set to Z
2024-05-31 10:57:39,501 [INFO] _dock_widget.py:__init__:82 - dockWidget_MMConfig started
2024-05-31 10:57:39,661 [WARNING] MDAGlados.py:get_MDA_events_from_GUI:1431 - z_start, z_step or z_end is None. MDA will not be created.
2024-05-31 10:57:39,693 [INFO] _dock_widget.py:__init__:97 - dockwidget_MDA started
2024-05-31 10:57:39,770 [INFO] _dock_widget.py:__init__:113 - dockWidget_AutonomousMicroscopy started
2024-05-31 10:57:39,813 [INFO] _dock_widget.py:__init__:192 - Napari-glados-pycromanager plugin fully loaded
2024-05-31 10:58:37,037 [INFO] Main napari Glados-pycromanager plugin started [_dock_widget.py:__init__:172]
2024-05-31 10:58:37,042 [INFO] Default focus device set to Z [_dock_widget.py:__init__:77]
2024-05-31 10:58:37,273 [INFO] dockWidget_MMConfig started [_dock_widget.py:__init__:82]
2024-05-31 10:58:37,437 [WARNING] z_start, z_step or z_end is None. MDA will not be created. [MDAGlados.py:get_MDA_events_from_GUI:1431]
2024-05-31 10:58:37,469 [INFO] dockwidget_MDA started [_dock_widget.py:__init__:97]
2024-05-31 10:58:37,544 [INFO] dockWidget_AutonomousMicroscopy started [_dock_widget.py:__init__:113]
2024-05-31 10:58:37,585 [INFO] Napari-glados-pycromanager plugin fully loaded [_dock_widget.py:__init__:192]
2024-05-31 10:58:41,146 [INFO] acqModeChanged called from napariHandler [napariGlados.py:acqModeChanged:444]
2024-05-31 10:58:41,150 [INFO] starting MDA acq - before JavaBackendAcquisition [napariGlados.py:run_pycroManagerAcquisition_worker:314]
2024-05-31 10:58:41,814 [INFO] creating layer with name MDA via multiDstack method [napariGlados.py:napariUpdateLive:118]
2024-05-31 10:58:42,629 [INFO] updating layer with name MDA via multiDstack method [napariGlados.py:napariUpdateLive:153]
2024-05-31 10:58:42,654 [INFO] updating layer with name MDA via multiDstack method [napariGlados.py:napariUpdateLive:153]
2024-05-31 10:58:42,675 [INFO] updating layer with name MDA via multiDstack method [napariGlados.py:napariUpdateLive:153]
2024-05-31 10:58:42,697 [INFO] updating layer with name MDA via multiDstack method [napariGlados.py:napariUpdateLive:153]
2024-05-31 10:58:42,720 [INFO] updating layer with name MDA via multiDstack method [napariGlados.py:napariUpdateLive:153]
2024-05-31 10:58:42,748 [INFO] updating layer with name MDA via multiDstack method [napariGlados.py:napariUpdateLive:153]
2024-05-31 10:58:42,772 [INFO] updating layer with name MDA via multiDstack method [napariGlados.py:napariUpdateLive:153]
2024-05-31 10:58:42,795 [INFO] updating layer with name MDA via multiDstack method [napariGlados.py:napariUpdateLive:153]
2024-05-31 10:58:42,818 [INFO] updating layer with name MDA via multiDstack method [napariGlados.py:napariUpdateLive:153]
2024-05-31 10:58:42,843 [INFO] updating layer with name MDA via multiDstack method [napariGlados.py:napariUpdateLive:153]
2024-05-31 10:58:42,864 [INFO] updating layer with name MDA via multiDstack method [napariGlados.py:napariUpdateLive:153]
2024-05-31 10:58:42,889 [INFO] updating layer with name MDA via multiDstack method [napariGlados.py:napariUpdateLive:153]
2024-05-31 10:58:42,935 [INFO] updating layer with name MDA via multiDstack method [napariGlados.py:napariUpdateLive:153]
2024-05-31 10:58:42,958 [INFO] updating layer with name MDA via multiDstack method [napariGlados.py:napariUpdateLive:153]
2024-05-31 10:58:42,981 [INFO] updating layer with name MDA via multiDstack method [napariGlados.py:napariUpdateLive:153]
2024-05-31 10:58:43,005 [INFO] updating layer with name MDA via multiDstack method [napariGlados.py:napariUpdateLive:153]
2024-05-31 10:58:43,027 [INFO] updating layer with name MDA via multiDstack method [napariGlados.py:napariUpdateLive:153]
2024-05-31 10:58:43,048 [INFO] updating layer with name MDA via multiDstack method [napariGlados.py:napariUpdateLive:153]
2024-05-31 10:58:43,073 [INFO] updating layer with name MDA via multiDstack method [napariGlados.py:napariUpdateLive:153]
2024-05-31 10:58:43,094 [INFO] updating layer with name MDA via multiDstack method [napariGlados.py:napariUpdateLive:153]
2024-05-31 10:58:43,121 [INFO] updating layer with name MDA via multiDstack method [napariGlados.py:napariUpdateLive:153]
2024-05-31 10:58:43,157 [INFO] updating layer with name MDA via multiDstack method [napariGlados.py:napariUpdateLive:153]
2024-05-31 10:58:43,188 [INFO] updating layer with name MDA via multiDstack method [napariGlados.py:napariUpdateLive:153]
2024-05-31 10:58:43,219 [INFO] updating layer with name MDA via multiDstack method [napariGlados.py:napariUpdateLive:153]
2024-05-31 10:58:43,311 [INFO] updating layer with name MDA via multiDstack method [napariGlados.py:napariUpdateLive:153]
2024-05-31 10:58:43,337 [INFO] updating layer with name MDA via multiDstack method [napariGlados.py:napariUpdateLive:153]
2024-05-31 10:58:43,358 [INFO] updating layer with name MDA via multiDstack method [napariGlados.py:napariUpdateLive:153]
2024-05-31 10:58:43,380 [INFO] updating layer with name MDA via multiDstack method [napariGlados.py:napariUpdateLive:153]
2024-05-31 10:58:43,405 [INFO] updating layer with name MDA via multiDstack method [napariGlados.py:napariUpdateLive:153]
2024-05-31 10:58:43,427 [INFO] updating layer with name MDA via multiDstack method [napariGlados.py:napariUpdateLive:153]
2024-05-31 10:58:43,450 [INFO] updating layer with name MDA via multiDstack method [napariGlados.py:napariUpdateLive:153]
2024-05-31 10:58:43,473 [INFO] updating layer with name MDA via multiDstack method [napariGlados.py:napariUpdateLive:153]
2024-05-31 10:58:43,496 [INFO] updating layer with name MDA via multiDstack method [napariGlados.py:napariUpdateLive:153]
2024-05-31 10:58:43,521 [INFO] updating layer with name MDA via multiDstack method [napariGlados.py:napariUpdateLive:153]
2024-05-31 10:58:43,545 [INFO] updating layer with name MDA via multiDstack method [napariGlados.py:napariUpdateLive:153]
2024-05-31 10:58:43,568 [INFO] updating layer with name MDA via multiDstack method [napariGlados.py:napariUpdateLive:153]
2024-05-31 10:58:43,594 [INFO] updating layer with name MDA via multiDstack method [napariGlados.py:napariUpdateLive:153]
2024-05-31 10:58:43,620 [INFO] updating layer with name MDA via multiDstack method [napariGlados.py:napariUpdateLive:153]
2024-05-31 10:58:43,644 [INFO] updating layer with name MDA via multiDstack method [napariGlados.py:napariUpdateLive:153]
2024-05-31 10:58:43,671 [INFO] updating layer with name MDA via multiDstack method [napariGlados.py:napariUpdateLive:153]
2024-05-31 10:58:43,696 [INFO] updating layer with name MDA via multiDstack method [napariGlados.py:napariUpdateLive:153]
2024-05-31 10:58:43,720 [INFO] updating layer with name MDA via multiDstack method [napariGlados.py:napariUpdateLive:153]
2024-05-31 10:58:43,742 [INFO] updating layer with name MDA via multiDstack method [napariGlados.py:napariUpdateLive:153]
2024-05-31 10:58:43,765 [INFO] updating layer with name MDA via multiDstack method [napariGlados.py:napariUpdateLive:153]
2024-05-31 10:58:43,785 [INFO] updating layer with name MDA via multiDstack method [napariGlados.py:napariUpdateLive:153]
2024-05-31 10:58:43,811 [INFO] updating layer with name MDA via multiDstack method [napariGlados.py:napariUpdateLive:153]
2024-05-31 10:58:43,831 [INFO] updating layer with name MDA via multiDstack method [napariGlados.py:napariUpdateLive:153]
2024-05-31 10:58:43,855 [INFO] updating layer with name MDA via multiDstack method [napariGlados.py:napariUpdateLive:153]
2024-05-31 10:58:43,879 [INFO] updating layer with name MDA via multiDstack method [napariGlados.py:napariUpdateLive:153]
2024-05-31 10:58:43,903 [INFO] updating layer with name MDA via multiDstack method [napariGlados.py:napariUpdateLive:153]
2024-05-31 10:58:43,929 [INFO] updating layer with name MDA via multiDstack method [napariGlados.py:napariUpdateLive:153]
2024-05-31 10:58:43,959 [INFO] updating layer with name MDA via multiDstack method [napariGlados.py:napariUpdateLive:153]
2024-05-31 10:58:43,984 [INFO] updating layer with name MDA via multiDstack method [napariGlados.py:napariUpdateLive:153]
2024-05-31 10:58:44,007 [INFO] updating layer with name MDA via multiDstack method [napariGlados.py:napariUpdateLive:153]
2024-05-31 10:58:44,030 [INFO] updating layer with name MDA via multiDstack method [napariGlados.py:napariUpdateLive:153]
2024-05-31 10:58:44,052 [INFO] updating layer with name MDA via multiDstack method [napariGlados.py:napariUpdateLive:153]
2024-05-31 10:58:44,076 [INFO] updating layer with name MDA via multiDstack method [napariGlados.py:napariUpdateLive:153]
2024-05-31 10:58:44,108 [INFO] updating layer with name MDA via multiDstack method [napariGlados.py:napariUpdateLive:153]
2024-05-31 10:58:44,130 [INFO] updating layer with name MDA via multiDstack method [napariGlados.py:napariUpdateLive:153]
2024-05-31 10:58:44,154 [INFO] updating layer with name MDA via multiDstack method [napariGlados.py:napariUpdateLive:153]
2024-05-31 10:58:44,177 [INFO] updating layer with name MDA via multiDstack method [napariGlados.py:napariUpdateLive:153]
2024-05-31 10:58:44,201 [INFO] updating layer with name MDA via multiDstack method [napariGlados.py:napariUpdateLive:153]
2024-05-31 10:58:44,223 [INFO] updating layer with name MDA via multiDstack method [napariGlados.py:napariUpdateLive:153]
2024-05-31 10:58:44,246 [INFO] updating layer with name MDA via multiDstack method [napariGlados.py:napariUpdateLive:153]
2024-05-31 10:58:44,268 [INFO] updating layer with name MDA via multiDstack method [napariGlados.py:napariUpdateLive:153]
2024-05-31 10:58:44,290 [INFO] updating layer with name MDA via multiDstack method [napariGlados.py:napariUpdateLive:153]
2024-05-31 10:58:44,325 [INFO] updating layer with name MDA via multiDstack method [napariGlados.py:napariUpdateLive:153]
2024-05-31 10:58:44,347 [INFO] updating layer with name MDA via multiDstack method [napariGlados.py:napariUpdateLive:153]
2024-05-31 10:58:44,370 [INFO] updating layer with name MDA via multiDstack method [napariGlados.py:napariUpdateLive:153]
2024-05-31 10:58:44,395 [INFO] updating layer with name MDA via multiDstack method [napariGlados.py:napariUpdateLive:153]
2024-05-31 10:58:44,420 [INFO] updating layer with name MDA via multiDstack method [napariGlados.py:napariUpdateLive:153]
2024-05-31 10:58:44,443 [INFO] updating layer with name MDA via multiDstack method [napariGlados.py:napariUpdateLive:153]
2024-05-31 10:58:44,469 [INFO] updating layer with name MDA via multiDstack method [napariGlados.py:napariUpdateLive:153]
2024-05-31 10:58:44,492 [INFO] updating layer with name MDA via multiDstack method [napariGlados.py:napariUpdateLive:153]
2024-05-31 10:58:44,516 [INFO] updating layer with name MDA via multiDstack method [napariGlados.py:napariUpdateLive:153]
2024-05-31 10:58:44,550 [INFO] updating layer with name MDA via multiDstack method [napariGlados.py:napariUpdateLive:153]
2024-05-31 10:58:44,571 [INFO] updating layer with name MDA via multiDstack method [napariGlados.py:napariUpdateLive:153]
2024-05-31 10:58:44,595 [INFO] updating layer with name MDA via multiDstack method [napariGlados.py:napariUpdateLive:153]
2024-05-31 10:58:44,619 [INFO] updating layer with name MDA via multiDstack method [napariGlados.py:napariUpdateLive:153]
2024-05-31 10:58:44,643 [INFO] updating layer with name MDA via multiDstack method [napariGlados.py:napariUpdateLive:153]
2024-05-31 10:58:44,663 [INFO] updating layer with name MDA via multiDstack method [napariGlados.py:napariUpdateLive:153]
2024-05-31 10:58:44,696 [INFO] updating layer with name MDA via multiDstack method [napariGlados.py:napariUpdateLive:153]
2024-05-31 10:58:44,722 [INFO] updating layer with name MDA via multiDstack method [napariGlados.py:napariUpdateLive:153]
2024-05-31 10:58:44,743 [INFO] updating layer with name MDA via multiDstack method [napariGlados.py:napariUpdateLive:153]
2024-05-31 10:58:44,775 [INFO] updating layer with name MDA via multiDstack method [napariGlados.py:napariUpdateLive:153]
2024-05-31 10:58:44,802 [INFO] updating layer with name MDA via multiDstack method [napariGlados.py:napariUpdateLive:153]
2024-05-31 10:58:44,824 [INFO] updating layer with name MDA via multiDstack method [napariGlados.py:napariUpdateLive:153]
2024-05-31 10:58:44,862 [INFO] updating layer with name MDA via multiDstack method [napariGlados.py:napariUpdateLive:153]
2024-05-31 10:58:44,885 [INFO] updating layer with name MDA via multiDstack method [napariGlados.py:napariUpdateLive:153]
2024-05-31 10:58:44,900 [INFO] acqModeChanged called from napariHandler [napariGlados.py:acqModeChanged:444]
2024-05-31 10:58:44,901 [INFO] MDA mode stopped from acqModeChanged [napariGlados.py:acqModeChanged:480]
2024-05-31 10:58:44,902 [INFO] Stopping the acquisition from napariHandler [napariGlados.py:run_pycroManagerAcquisition_worker:340]
2024-05-31 10:58:44,905 [INFO] mdaacqdonefunction called in napariHandler [napariGlados.py:mdaacqdonefunction:241]
2024-05-31 10:58:44,907 [INFO] Cleaning up temporary files [utils.py:cleanUpTemporaryFiles:7]
2024-05-31 10:58:44,910 [INFO] updating layer with name MDA via multiDstack method [napariGlados.py:napariUpdateLive:153]
2024-05-31 10:58:44,929 [INFO] Finalising MDA visualisation... [napariGlados.py:run_napariVisualisation_worker:420]
2024-05-31 10:58:44,932 [INFO] Finishing up visualisation... [napariGlados.py:napariUpdateLive:170]
2024-05-31 10:58:44,936 [INFO] MDA acq data finished and data stored! [MDAGlados.py:MDA_acq_finished:1163]
2024-05-31 10:58:46,933 [INFO] Finalised up visualisation... [napariGlados.py:napariUpdateLive:183]
2024-05-31 10:58:46,955 [WARNING] QObject::connect: Cannot queue arguments of type 'QVector<int>'
(Make sure 'QVector<int>' is registered using qRegisterMetaType().) [_qt.py:message_handler:234]
2024-05-31 10:58:46,971 [WARNING] QObject::startTimer: Timers cannot be started from another thread [_qt.py:message_handler:234]
2024-05-31 10:59:35,304 [INFO] Main napari Glados-pycromanager plugin started [_dock_widget.py:__init__:172]
2024-05-31 10:59:35,308 [INFO] Default focus device set to Z [_dock_widget.py:__init__:77]
2024-05-31 10:59:35,526 [INFO] dockWidget_MMConfig started [_dock_widget.py:__init__:82]
2024-05-31 10:59:35,694 [WARNING] z_start, z_step or z_end is None. MDA will not be created. [MDAGlados.py:get_MDA_events_from_GUI:1431]
2024-05-31 10:59:35,727 [INFO] dockwidget_MDA started [_dock_widget.py:__init__:97]
2024-05-31 10:59:35,802 [INFO] dockWidget_AutonomousMicroscopy started [_dock_widget.py:__init__:113]
2024-05-31 10:59:35,845 [INFO] Napari-glados-pycromanager plugin fully loaded [_dock_widget.py:__init__:192]
2024-05-31 11:00:21,039 [INFO] Main napari Glados-pycromanager plugin started [_dock_widget.py:__init__:172]
2024-05-31 11:00:21,042 [INFO] Default focus device set to Z [_dock_widget.py:__init__:77]
2024-05-31 11:00:21,256 [INFO] dockWidget_MMConfig started [_dock_widget.py:__init__:82]
2024-05-31 11:00:21,419 [WARNING] z_start, z_step or z_end is None. MDA will not be created. [MDAGlados.py:get_MDA_events_from_GUI:1431]
2024-05-31 11:00:21,450 [INFO] dockwidget_MDA started [_dock_widget.py:__init__:97]
2024-05-31 11:00:21,523 [INFO] dockWidget_AutonomousMicroscopy started [_dock_widget.py:__init__:113]
2024-05-31 11:00:21,563 [INFO] Napari-glados-pycromanager plugin fully loaded [_dock_widget.py:__init__:192]
